<?xml version="1.0" encoding="UTF-8"?>
<testng-results ignored="0" total="2" passed="2" failed="0" skipped="0">
  <reporter-output>
  </reporter-output>
  <suite started-at="2022-07-05T10:38:36Z" name="TestSuite" finished-at="2022-07-05T10:39:00Z" duration-ms="23839">
    <groups>
    </groups>
    <test started-at="2022-07-05T10:38:36Z" name="TestCase" finished-at="2022-07-05T10:39:00Z" duration-ms="23839">
      <class name="org.sample.Flipkart">
        <test-method is-config="true" signature="BeforeEachMethod()[pri:0, instance:org.sample.Flipkart@63611043]" started-at="2022-07-05T10:38:36Z" name="BeforeEachMethod" finished-at="2022-07-05T10:38:40Z" duration-ms="4241" status="PASS">
          <reporter-output>
          </reporter-output>
        </test-method> <!-- BeforeEachMethod -->
        <test-method signature="testCase1(java.lang.String)[pri:0, instance:org.sample.Flipkart@63611043]" started-at="2022-07-05T10:38:40Z" name="testCase1" finished-at="2022-07-05T10:38:48Z" duration-ms="7638" status="PASS">
          <params>
            <param index="0">
              <value>
                <![CDATA[Iphone]]>
              </value>
            </param>
          </params>
          <reporter-output>
          </reporter-output>
        </test-method> <!-- testCase1 -->
        <test-method is-config="true" signature="AfterEachMethod()[pri:0, instance:org.sample.Flipkart@63611043]" started-at="2022-07-05T10:38:48Z" name="AfterEachMethod" finished-at="2022-07-05T10:38:49Z" duration-ms="695" status="PASS">
          <reporter-output>
          </reporter-output>
        </test-method> <!-- AfterEachMethod -->
        <test-method is-config="true" signature="BeforeEachMethod()[pri:0, instance:org.sample.Flipkart@63611043]" started-at="2022-07-05T10:38:49Z" name="BeforeEachMethod" finished-at="2022-07-05T10:38:52Z" duration-ms="3701" status="PASS">
          <reporter-output>
          </reporter-output>
        </test-method> <!-- BeforeEachMethod -->
        <test-method signature="testCase2(java.lang.String)[pri:0, instance:org.sample.Flipkart@63611043]" started-at="2022-07-05T10:38:52Z" name="testCase2" finished-at="2022-07-05T10:38:59Z" duration-ms="6869" status="PASS">
          <params>
            <param index="0">
              <value>
                <![CDATA[Iphone]]>
              </value>
            </param>
          </params>
          <reporter-output>
          </reporter-output>
        </test-method> <!-- testCase2 -->
        <test-method is-config="true" signature="AfterEachMethod()[pri:0, instance:org.sample.Flipkart@63611043]" started-at="2022-07-05T10:38:59Z" name="AfterEachMethod" finished-at="2022-07-05T10:39:00Z" duration-ms="679" status="PASS">
          <reporter-output>
          </reporter-output>
        </test-method> <!-- AfterEachMethod -->
      </class> <!-- org.sample.Flipkart -->
    </test> <!-- TestCase -->
  </suite> <!-- TestSuite -->
</testng-results>
